This file contains any messages produced by compilers while
running configure, to aid debugging if configure makes a mistake.

It was created by runsim configure 0.1, which was
generated by GNU Autoconf 2.61.  Invocation command line was

  $ ./configure 

## --------- ##
## Platform. ##
## --------- ##

hostname = hntvlan531.0867.wlan.wireless-pennnet.upenn.edu
uname -m = i386
uname -r = 10.8.0
uname -s = Darwin
uname -v = Darwin Kernel Version 10.8.0: Tue Jun  7 16:33:36 PDT 2011; root:xnu-1504.15.3~1/RELEASE_I386

/usr/bin/uname -p = i386
/bin/uname -X     = unknown

/bin/arch              = unknown
/usr/bin/arch -k       = unknown
/usr/convex/getsysinfo = unknown
/usr/bin/hostinfo      = Mach kernel version:
	 Darwin Kernel Version 10.8.0: Tue Jun  7 16:33:36 PDT 2011; root:xnu-1504.15.3~1/RELEASE_I386
Kernel configured for up to 2 processors.
2 processors are physically available.
2 processors are logically available.
Processor type: i486 (Intel 80486)
Processors active: 0 1
Primary memory available: 4.00 gigabytes
Default processor set: 74 tasks, 385 threads, 2 processors
Load average: 0.46, Mach factor: 1.53
/bin/machine           = unknown
/usr/bin/oslevel       = unknown
/bin/universe          = unknown

PATH: /Users/kevin/anaconda/bin
PATH: /Users/kevin/anaconda/bin
PATH: /usr/bin
PATH: /bin
PATH: /usr/sbin
PATH: /sbin
PATH: /usr/local/bin
PATH: /usr/texbin
PATH: /usr/X11/bin
PATH: /usr/X11/bin
PATH: /Users/kevin/Downloads/ImageMagick-6.6.7/bin


## ----------- ##
## Core tests. ##
## ----------- ##

configure:1776: checking for gcc
configure:1792: found /usr/bin/gcc
configure:1803: result: gcc
configure:2041: checking for C compiler version
configure:2048: gcc --version >&5
i686-apple-darwin10-gcc-4.2.1 (GCC) 4.2.1 (Apple Inc. build 5666) (dot 3)
Copyright (C) 2007 Free Software Foundation, Inc.
This is free software; see the source for copying conditions.  There is NO
warranty; not even for MERCHANTABILITY or FITNESS FOR A PARTICULAR PURPOSE.

configure:2051: $? = 0
configure:2058: gcc -v >&5
Using built-in specs.
Target: i686-apple-darwin10
Configured with: /var/tmp/gcc/gcc-5666.3~6/src/configure --disable-checking --enable-werror --prefix=/usr --mandir=/share/man --enable-languages=c,objc,c++,obj-c++ --program-transform-name=/^[cg][^.-]*$/s/$/-4.2/ --with-slibdir=/usr/lib --build=i686-apple-darwin10 --program-prefix=i686-apple-darwin10- --host=x86_64-apple-darwin10 --target=i686-apple-darwin10 --with-gxx-include-dir=/include/c++/4.2.1
Thread model: posix
gcc version 4.2.1 (Apple Inc. build 5666) (dot 3)
configure:2061: $? = 0
configure:2068: gcc -V >&5
gcc-4.2: argument to `-V' is missing
configure:2071: $? = 1
configure:2094: checking for C compiler default output file name
configure:2121: gcc    conftest.c  >&5
configure:2124: $? = 0
configure:2162: result: a.out
configure:2179: checking whether the C compiler works
configure:2189: ./a.out
configure:2192: $? = 0
configure:2209: result: yes
configure:2216: checking whether we are cross compiling
configure:2218: result: no
configure:2221: checking for suffix of executables
configure:2228: gcc -o conftest    conftest.c  >&5
configure:2231: $? = 0
configure:2255: result: 
configure:2261: checking for suffix of object files
configure:2287: gcc -c   conftest.c >&5
configure:2290: $? = 0
configure:2313: result: o
configure:2317: checking whether we are using the GNU C compiler
configure:2346: gcc -c   conftest.c >&5
configure:2352: $? = 0
configure:2369: result: yes
configure:2374: checking whether gcc accepts -g
configure:2404: gcc -c -g  conftest.c >&5
configure:2410: $? = 0
configure:2509: result: yes
configure:2526: checking for gcc option to accept ISO C89
configure:2600: gcc  -c -g -O2  conftest.c >&5
configure:2606: $? = 0
configure:2629: result: none needed
configure:2694: checking for a BSD-compatible install
configure:2750: result: /usr/bin/install -c
configure:2761: checking whether build environment is sane
configure:2804: result: yes
configure:2832: checking for a thread-safe mkdir -p
configure:2871: result: ./install-sh -c -d
configure:2884: checking for gawk
configure:2914: result: no
configure:2884: checking for mawk
configure:2914: result: no
configure:2884: checking for nawk
configure:2914: result: no
configure:2884: checking for awk
configure:2900: found /usr/bin/awk
configure:2911: result: awk
configure:2922: checking whether make sets $(MAKE)
configure:2943: result: yes
configure:2973: checking for style of include used by make
configure:3001: result: GNU
configure:3194: checking dependency style of gcc
configure:3285: result: gcc3
configure:3305: checking for gslblas_dgemm in -lgsl
configure:3340: gcc -o conftest -g -O2   conftest.c -lgsl   >&5
Undefined symbols:
  "_gslblas_dgemm", referenced from:
      _main in cc9EhzNK.o
ld: symbol(s) not found
collect2: ld returned 1 exit status
configure:3346: $? = 1
configure: failed program was:
| /* confdefs.h.  */
| #define PACKAGE_NAME "runsim"
| #define PACKAGE_TARNAME "runsim"
| #define PACKAGE_VERSION "0.1"
| #define PACKAGE_STRING "runsim 0.1"
| #define PACKAGE_BUGREPORT "kchiou@sas.upenn.edu"
| #define PACKAGE "runsim"
| #define VERSION "0.1"
| /* end confdefs.h.  */
| 
| /* Override any GCC internal prototype to avoid an error.
|    Use char because int might match the return type of a GCC
|    builtin and then its argument prototype would still apply.  */
| #ifdef __cplusplus
| extern "C"
| #endif
| char gslblas_dgemm ();
| int
| main ()
| {
| return gslblas_dgemm ();
|   ;
|   return 0;
| }
configure:3364: result: no
configure:3376: checking for gsl_blas_dgemm in -lgsl
configure:3411: gcc -o conftest -g -O2   conftest.c -lgsl   >&5
configure:3417: $? = 0
configure:3435: result: yes
configure:3447: checking for cos in -lm
configure:3482: gcc -o conftest -g -O2   conftest.c -lm  -lgsl  >&5
conftest.c:18: warning: conflicting types for built-in function 'cos'
configure:3488: $? = 0
configure:3506: result: yes
configure:3524: checking how to run the C preprocessor
configure:3564: gcc -E  conftest.c
configure:3570: $? = 0
configure:3601: gcc -E  conftest.c
conftest.c:12:28: error: ac_nonexistent.h: No such file or directory
configure:3607: $? = 1
configure: failed program was:
| /* confdefs.h.  */
| #define PACKAGE_NAME "runsim"
| #define PACKAGE_TARNAME "runsim"
| #define PACKAGE_VERSION "0.1"
| #define PACKAGE_STRING "runsim 0.1"
| #define PACKAGE_BUGREPORT "kchiou@sas.upenn.edu"
| #define PACKAGE "runsim"
| #define VERSION "0.1"
| #define HAVE_LIBGSL 1
| #define HAVE_LIBM 1
| /* end confdefs.h.  */
| #include <ac_nonexistent.h>
configure:3640: result: gcc -E
configure:3669: gcc -E  conftest.c
configure:3675: $? = 0
configure:3706: gcc -E  conftest.c
conftest.c:12:28: error: ac_nonexistent.h: No such file or directory
configure:3712: $? = 1
configure: failed program was:
| /* confdefs.h.  */
| #define PACKAGE_NAME "runsim"
| #define PACKAGE_TARNAME "runsim"
| #define PACKAGE_VERSION "0.1"
| #define PACKAGE_STRING "runsim 0.1"
| #define PACKAGE_BUGREPORT "kchiou@sas.upenn.edu"
| #define PACKAGE "runsim"
| #define VERSION "0.1"
| #define HAVE_LIBGSL 1
| #define HAVE_LIBM 1
| /* end confdefs.h.  */
| #include <ac_nonexistent.h>
configure:3750: checking for grep that handles long lines and -e
configure:3824: result: /usr/bin/grep
configure:3829: checking for egrep
configure:3907: result: /usr/bin/grep -E
configure:3912: checking for ANSI C header files
configure:3942: gcc -c -g -O2  conftest.c >&5
configure:3948: $? = 0
configure:4047: gcc -o conftest -g -O2   conftest.c -lm -lgsl  >&5
configure:4050: $? = 0
configure:4056: ./conftest
configure:4059: $? = 0
configure:4076: result: yes
configure:4100: checking for sys/types.h
configure:4121: gcc -c -g -O2  conftest.c >&5
configure:4127: $? = 0
configure:4143: result: yes
configure:4100: checking for sys/stat.h
configure:4121: gcc -c -g -O2  conftest.c >&5
configure:4127: $? = 0
configure:4143: result: yes
configure:4100: checking for stdlib.h
configure:4121: gcc -c -g -O2  conftest.c >&5
configure:4127: $? = 0
configure:4143: result: yes
configure:4100: checking for string.h
configure:4121: gcc -c -g -O2  conftest.c >&5
configure:4127: $? = 0
configure:4143: result: yes
configure:4100: checking for memory.h
configure:4121: gcc -c -g -O2  conftest.c >&5
configure:4127: $? = 0
configure:4143: result: yes
configure:4100: checking for strings.h
configure:4121: gcc -c -g -O2  conftest.c >&5
configure:4127: $? = 0
configure:4143: result: yes
configure:4100: checking for inttypes.h
configure:4121: gcc -c -g -O2  conftest.c >&5
configure:4127: $? = 0
configure:4143: result: yes
configure:4100: checking for stdint.h
configure:4121: gcc -c -g -O2  conftest.c >&5
configure:4127: $? = 0
configure:4143: result: yes
configure:4100: checking for unistd.h
configure:4121: gcc -c -g -O2  conftest.c >&5
configure:4127: $? = 0
configure:4143: result: yes
configure:4160: checking for stdlib.h
configure:4166: result: yes
configure:4301: checking for an ANSI C-conforming const
configure:4376: gcc -c -g -O2  conftest.c >&5
configure:4382: $? = 0
configure:4397: result: yes
configure:4414: checking for stdlib.h
configure:4420: result: yes
configure:4554: checking for GNU libc compatible malloc
configure:4588: gcc -o conftest -g -O2   conftest.c -lm -lgsl  >&5
configure:4591: $? = 0
configure:4597: ./conftest
configure:4600: $? = 0
configure:4616: result: yes
configure:4649: checking for stdlib.h
configure:4655: result: yes
configure:4789: checking for GNU libc compatible realloc
configure:4823: gcc -o conftest -g -O2   conftest.c -lm -lgsl  >&5
configure:4826: $? = 0
configure:4832: ./conftest
configure:4835: $? = 0
configure:4851: result: yes
configure:5026: creating ./config.status

## ---------------------- ##
## Running config.status. ##
## ---------------------- ##

This file was extended by runsim config.status 0.1, which was
generated by GNU Autoconf 2.61.  Invocation command line was

  CONFIG_FILES    = 
  CONFIG_HEADERS  = 
  CONFIG_LINKS    = 
  CONFIG_COMMANDS = 
  $ ./config.status 

on hntvlan531.0867.wlan.wireless-pennnet.upenn.edu

config.status:618: creating Makefile
config.status:809: executing depfiles commands

## ---------------- ##
## Cache variables. ##
## ---------------- ##

ac_cv_c_compiler_gnu=yes
ac_cv_c_const=yes
ac_cv_env_CC_set=
ac_cv_env_CC_value=
ac_cv_env_CFLAGS_set=
ac_cv_env_CFLAGS_value=
ac_cv_env_CPPFLAGS_set=
ac_cv_env_CPPFLAGS_value=
ac_cv_env_CPP_set=
ac_cv_env_CPP_value=
ac_cv_env_LDFLAGS_set=
ac_cv_env_LDFLAGS_value=
ac_cv_env_LIBS_set=
ac_cv_env_LIBS_value=
ac_cv_env_build_alias_set=
ac_cv_env_build_alias_value=
ac_cv_env_host_alias_set=
ac_cv_env_host_alias_value=
ac_cv_env_target_alias_set=
ac_cv_env_target_alias_value=
ac_cv_func_malloc_0_nonnull=yes
ac_cv_func_realloc_0_nonnull=yes
ac_cv_header_inttypes_h=yes
ac_cv_header_memory_h=yes
ac_cv_header_stdc=yes
ac_cv_header_stdint_h=yes
ac_cv_header_stdlib_h=yes
ac_cv_header_string_h=yes
ac_cv_header_strings_h=yes
ac_cv_header_sys_stat_h=yes
ac_cv_header_sys_types_h=yes
ac_cv_header_unistd_h=yes
ac_cv_lib_gsl_gsl_blas_dgemm=yes
ac_cv_lib_gsl_gslblas_dgemm=no
ac_cv_lib_m_cos=yes
ac_cv_objext=o
ac_cv_path_EGREP='/usr/bin/grep -E'
ac_cv_path_GREP=/usr/bin/grep
ac_cv_path_install='/usr/bin/install -c'
ac_cv_prog_AWK=awk
ac_cv_prog_CPP='gcc -E'
ac_cv_prog_ac_ct_CC=gcc
ac_cv_prog_cc_c89=
ac_cv_prog_cc_g=yes
ac_cv_prog_make_make_set=yes
am_cv_CC_dependencies_compiler_type=gcc3

## ----------------- ##
## Output variables. ##
## ----------------- ##

ACLOCAL='${SHELL} /Users/kevin/upenn_projects/heart_tube/simulation/missing --run aclocal-1.10'
AMDEPBACKSLASH='\'
AMDEP_FALSE='#'
AMDEP_TRUE=''
AMTAR='${SHELL} /Users/kevin/upenn_projects/heart_tube/simulation/missing --run tar'
AUTOCONF='${SHELL} /Users/kevin/upenn_projects/heart_tube/simulation/missing --run autoconf'
AUTOHEADER='${SHELL} /Users/kevin/upenn_projects/heart_tube/simulation/missing --run autoheader'
AUTOMAKE='${SHELL} /Users/kevin/upenn_projects/heart_tube/simulation/missing --run automake-1.10'
AWK='awk'
CC='gcc'
CCDEPMODE='depmode=gcc3'
CFLAGS='-g -O2'
CPP='gcc -E'
CPPFLAGS=''
CYGPATH_W='echo'
DEFS='-DPACKAGE_NAME=\"runsim\" -DPACKAGE_TARNAME=\"runsim\" -DPACKAGE_VERSION=\"0.1\" -DPACKAGE_STRING=\"runsim\ 0.1\" -DPACKAGE_BUGREPORT=\"kchiou@sas.upenn.edu\" -DPACKAGE=\"runsim\" -DVERSION=\"0.1\" -DHAVE_LIBGSL=1 -DHAVE_LIBM=1 -DSTDC_HEADERS=1 -DHAVE_SYS_TYPES_H=1 -DHAVE_SYS_STAT_H=1 -DHAVE_STDLIB_H=1 -DHAVE_STRING_H=1 -DHAVE_MEMORY_H=1 -DHAVE_STRINGS_H=1 -DHAVE_INTTYPES_H=1 -DHAVE_STDINT_H=1 -DHAVE_UNISTD_H=1 -DHAVE_STDLIB_H=1 -DHAVE_STDLIB_H=1 -DHAVE_MALLOC=1 -DHAVE_STDLIB_H=1 -DHAVE_REALLOC=1'
DEPDIR='.deps'
ECHO_C='ECHO_N=''
ECHO_T=''
EGREP='/usr/bin/grep -E'
EXEEXT=''
GREP='/usr/bin/grep'
INSTALL_DATA='${INSTALL} -m 644'
INSTALL_PROGRAM='${INSTALL}'
INSTALL_SCRIPT='${INSTALL}'
INSTALL_STRIP_PROGRAM='$(install_sh) -c -s'
LDFLAGS=''
LIBOBJS=''
LIBS='-lm -lgsl '
LTLIBOBJS=''
MAKEINFO='${SHELL} /Users/kevin/upenn_projects/heart_tube/simulation/missing --run makeinfo'
OBJEXT='o'
PACKAGE='runsim'
PACKAGE_BUGREPORT='kchiou@sas.upenn.edu'
PACKAGE_NAME='runsim'
PACKAGE_STRING='runsim 0.1'
PACKAGE_TARNAME='runsim'
PACKAGE_VERSION='0.1'
PATH_SEPARATOR=':'
SET_MAKE=''
SHELL='/bin/sh'
STRIP=''
VERSION='0.1'
ac_ct_CC='gcc'
am__fastdepCC_FALSE='#'
am__fastdepCC_TRUE=''
am__include='include'
am__isrc=''
am__leading_dot='.'
am__quote=''
am__tar='${AMTAR} chof - "$$tardir"'
am__untar='${AMTAR} xf -'
bindir='${exec_prefix}/bin'
build_alias=''
datadir='${datarootdir}'
datarootdir='${prefix}/share'
docdir='${datarootdir}/doc/${PACKAGE_TARNAME}'
dvidir='${docdir}'
exec_prefix='${prefix}'
host_alias=''
htmldir='${docdir}'
includedir='${prefix}/include'
infodir='${datarootdir}/info'
install_sh='$(SHELL) /Users/kevin/upenn_projects/heart_tube/simulation/install-sh'
libdir='${exec_prefix}/lib'
libexecdir='${exec_prefix}/libexec'
localedir='${datarootdir}/locale'
localstatedir='${prefix}/var'
mandir='${datarootdir}/man'
mkdir_p='$(top_builddir)/./install-sh -c -d'
oldincludedir='/usr/include'
pdfdir='${docdir}'
prefix='/usr/local'
program_transform_name='s,x,x,'
psdir='${docdir}'
sbindir='${exec_prefix}/sbin'
sharedstatedir='${prefix}/com'
sysconfdir='${prefix}/etc'
target_alias=''

## ----------- ##
## confdefs.h. ##
## ----------- ##

#define PACKAGE_NAME "runsim"
#define PACKAGE_TARNAME "runsim"
#define PACKAGE_VERSION "0.1"
#define PACKAGE_STRING "runsim 0.1"
#define PACKAGE_BUGREPORT "kchiou@sas.upenn.edu"
#define PACKAGE "runsim"
#define VERSION "0.1"
#define HAVE_LIBGSL 1
#define HAVE_LIBM 1
#define STDC_HEADERS 1
#define HAVE_SYS_TYPES_H 1
#define HAVE_SYS_STAT_H 1
#define HAVE_STDLIB_H 1
#define HAVE_STRING_H 1
#define HAVE_MEMORY_H 1
#define HAVE_STRINGS_H 1
#define HAVE_INTTYPES_H 1
#define HAVE_STDINT_H 1
#define HAVE_UNISTD_H 1
#define HAVE_STDLIB_H 1
#define HAVE_STDLIB_H 1
#define HAVE_MALLOC 1
#define HAVE_STDLIB_H 1
#define HAVE_REALLOC 1

configure: exit 0
